{"C:\\Users\\ACER\\arfida belajar IT\\IP_P2\\IP-HCK88\\server\\config\\passport.js": {"path":"C:\\Users\\ACER\\arfida belajar IT\\IP_P2\\IP-HCK88\\server\\config\\passport.js","statementMap":{"0":{"start":{"line":6,"column":0},"end":{"line":6,"column":16}},"1":{"start":{"line":8,"column":0},"end":{"line":30,"column":2}},"2":{"start":{"line":16,"column":6},"end":{"line":27,"column":7}},"3":{"start":{"line":17,"column":23},"end":{"line":23,"column":10}},"4":{"start":{"line":24,"column":8},"end":{"line":24,"column":32}},"5":{"start":{"line":26,"column":8},"end":{"line":26,"column":31}},"6":{"start":{"line":31,"column":0},"end":{"line":33,"column":3}},"7":{"start":{"line":32,"column":2},"end":{"line":32,"column":22}},"8":{"start":{"line":35,"column":0},"end":{"line":42,"column":3}},"9":{"start":{"line":36,"column":2},"end":{"line":41,"column":3}},"10":{"start":{"line":37,"column":17},"end":{"line":37,"column":40}},"11":{"start":{"line":38,"column":4},"end":{"line":38,"column":21}},"12":{"start":{"line":40,"column":4},"end":{"line":40,"column":20}}},"fnMap":{"0":{"name":"(anonymous_0)","decl":{"start":{"line":15,"column":4},"end":{"line":15,"column":5}},"loc":{"start":{"line":15,"column":56},"end":{"line":28,"column":5}},"line":15},"1":{"name":"(anonymous_1)","decl":{"start":{"line":31,"column":23},"end":{"line":31,"column":24}},"loc":{"start":{"line":31,"column":39},"end":{"line":33,"column":1}},"line":31},"2":{"name":"(anonymous_2)","decl":{"start":{"line":35,"column":25},"end":{"line":35,"column":26}},"loc":{"start":{"line":35,"column":45},"end":{"line":42,"column":1}},"line":35}},"branchMap":{},"s":{"0":1,"1":1,"2":2,"3":2,"4":1,"5":1,"6":1,"7":1,"8":1,"9":1,"10":1,"11":1,"12":0},"f":{"0":2,"1":1,"2":1},"b":{},"inputSourceMap":null,"_coverageSchema":"1a1c01bbd47fc00a2c39e90264f33305004495a9","hash":"122c5edcda84ce8994b18e8a2cdf9c74b70fdc2c"}
,"C:\\Users\\ACER\\arfida belajar IT\\IP_P2\\IP-HCK88\\server\\models\\index.js": {"path":"C:\\Users\\ACER\\arfida belajar IT\\IP_P2\\IP-HCK88\\server\\models\\index.js","statementMap":{"0":{"start":{"line":4,"column":0},"end":{"line":6,"column":3}},"1":{"start":{"line":10,"column":0},"end":{"line":38,"column":1}},"2":{"start":{"line":11,"column":2},"end":{"line":11,"column":70}},"3":{"start":{"line":12,"column":2},"end":{"line":16,"column":5}},"4":{"start":{"line":17,"column":7},"end":{"line":38,"column":1}},"5":{"start":{"line":18,"column":2},"end":{"line":18,"column":57}},"6":{"start":{"line":19,"column":2},"end":{"line":35,"column":5}},"7":{"start":{"line":37,"column":2},"end":{"line":37,"column":60}}},"fnMap":{},"branchMap":{"0":{"loc":{"start":{"line":5,"column":8},"end":{"line":5,"column":62}},"type":"cond-expr","locations":[{"start":{"line":5,"column":42},"end":{"line":5,"column":53}},{"start":{"line":5,"column":56},"end":{"line":5,"column":62}}],"line":5},"1":{"loc":{"start":{"line":10,"column":0},"end":{"line":38,"column":1}},"type":"if","locations":[{"start":{"line":10,"column":0},"end":{"line":38,"column":1}},{"start":{"line":17,"column":7},"end":{"line":38,"column":1}}],"line":10},"2":{"loc":{"start":{"line":17,"column":7},"end":{"line":38,"column":1}},"type":"if","locations":[{"start":{"line":17,"column":7},"end":{"line":38,"column":1}},{"start":{"line":36,"column":7},"end":{"line":38,"column":1}}],"line":17}},"s":{"0":6,"1":6,"2":2,"3":2,"4":4,"5":4,"6":4,"7":0},"f":{},"b":{"0":[2,4],"1":[2,4],"2":[4,0]},"inputSourceMap":null,"_coverageSchema":"1a1c01bbd47fc00a2c39e90264f33305004495a9","hash":"8d589cb221829dfde8ee02b66d33cfea0c4f29e4"}
,"C:\\Users\\ACER\\arfida belajar IT\\IP_P2\\IP-HCK88\\server\\routes\\aiRoutes.js": {"path":"C:\\Users\\ACER\\arfida belajar IT\\IP_P2\\IP-HCK88\\server\\routes\\aiRoutes.js","statementMap":{"0":{"start":{"line":4,"column":15},"end":{"line":4,"column":31}},"1":{"start":{"line":6,"column":11},"end":{"line":8,"column":2}},"2":{"start":{"line":10,"column":0},"end":{"line":51,"column":3}},"3":{"start":{"line":11,"column":2},"end":{"line":50,"column":3}},"4":{"start":{"line":12,"column":24},"end":{"line":12,"column":32}},"5":{"start":{"line":14,"column":25},"end":{"line":19,"column":1}},"6":{"start":{"line":21,"column":21},"end":{"line":33,"column":6}},"7":{"start":{"line":34,"column":4},"end":{"line":34,"column":71}},"8":{"start":{"line":37,"column":6},"end":{"line":40,"column":42}},"9":{"start":{"line":42,"column":4},"end":{"line":42,"column":52}},"10":{"start":{"line":43,"column":4},"end":{"line":43,"column":24}},"11":{"start":{"line":45,"column":4},"end":{"line":45,"column":46}},"12":{"start":{"line":46,"column":4},"end":{"line":49,"column":7}}},"fnMap":{"0":{"name":"(anonymous_0)","decl":{"start":{"line":10,"column":24},"end":{"line":10,"column":25}},"loc":{"start":{"line":10,"column":44},"end":{"line":51,"column":1}},"line":10}},"branchMap":{"0":{"loc":{"start":{"line":37,"column":6},"end":{"line":40,"column":42}},"type":"binary-expr","locations":[{"start":{"line":37,"column":6},"end":{"line":37,"column":65}},{"start":{"line":38,"column":6},"end":{"line":38,"column":34}},{"start":{"line":39,"column":6},"end":{"line":39,"column":54}},{"start":{"line":40,"column":6},"end":{"line":40,"column":42}}],"line":37}},"s":{"0":1,"1":1,"2":1,"3":2,"4":2,"5":2,"6":2,"7":2,"8":2,"9":2,"10":2,"11":0,"12":0},"f":{"0":2},"b":{"0":[2,0,0,0]},"inputSourceMap":null,"_coverageSchema":"1a1c01bbd47fc00a2c39e90264f33305004495a9","hash":"869df5836aede5f9423ba4f6f0abd5568286df91"}
,"C:\\Users\\ACER\\arfida belajar IT\\IP_P2\\IP-HCK88\\server\\routes\\listRoutes.js": {"path":"C:\\Users\\ACER\\arfida belajar IT\\IP_P2\\IP-HCK88\\server\\routes\\listRoutes.js","statementMap":{"0":{"start":{"line":4,"column":15},"end":{"line":4,"column":31}},"1":{"start":{"line":7,"column":0},"end":{"line":15,"column":3}},"2":{"start":{"line":8,"column":2},"end":{"line":14,"column":3}},"3":{"start":{"line":9,"column":17},"end":{"line":9,"column":76}},"4":{"start":{"line":10,"column":4},"end":{"line":10,"column":19}},"5":{"start":{"line":12,"column":4},"end":{"line":12,"column":23}},"6":{"start":{"line":13,"column":4},"end":{"line":13,"column":58}},"7":{"start":{"line":18,"column":0},"end":{"line":33,"column":3}},"8":{"start":{"line":19,"column":2},"end":{"line":32,"column":3}},"9":{"start":{"line":20,"column":52},"end":{"line":20,"column":60}},"10":{"start":{"line":21,"column":18},"end":{"line":27,"column":6}},"11":{"start":{"line":28,"column":4},"end":{"line":28,"column":20}},"12":{"start":{"line":30,"column":4},"end":{"line":30,"column":23}},"13":{"start":{"line":31,"column":4},"end":{"line":31,"column":60}},"14":{"start":{"line":36,"column":0},"end":{"line":51,"column":3}},"15":{"start":{"line":37,"column":2},"end":{"line":50,"column":3}},"16":{"start":{"line":38,"column":33},"end":{"line":38,"column":41}},"17":{"start":{"line":39,"column":18},"end":{"line":39,"column":57}},"18":{"start":{"line":40,"column":4},"end":{"line":40,"column":80}},"19":{"start":{"line":40,"column":16},"end":{"line":40,"column":80}},"20":{"start":{"line":42,"column":4},"end":{"line":42,"column":38}},"21":{"start":{"line":42,"column":16},"end":{"line":42,"column":38}},"22":{"start":{"line":43,"column":4},"end":{"line":43,"column":44}},"23":{"start":{"line":43,"column":18},"end":{"line":43,"column":44}},"24":{"start":{"line":45,"column":4},"end":{"line":45,"column":23}},"25":{"start":{"line":46,"column":4},"end":{"line":46,"column":20}},"26":{"start":{"line":48,"column":4},"end":{"line":48,"column":23}},"27":{"start":{"line":49,"column":4},"end":{"line":49,"column":58}},"28":{"start":{"line":54,"column":0},"end":{"line":62,"column":3}},"29":{"start":{"line":55,"column":2},"end":{"line":61,"column":3}},"30":{"start":{"line":56,"column":4},"end":{"line":56,"column":62}},"31":{"start":{"line":57,"column":4},"end":{"line":57,"column":32}},"32":{"start":{"line":59,"column":4},"end":{"line":59,"column":23}},"33":{"start":{"line":60,"column":4},"end":{"line":60,"column":57}}},"fnMap":{"0":{"name":"(anonymous_0)","decl":{"start":{"line":7,"column":20},"end":{"line":7,"column":21}},"loc":{"start":{"line":7,"column":40},"end":{"line":15,"column":1}},"line":7},"1":{"name":"(anonymous_1)","decl":{"start":{"line":18,"column":21},"end":{"line":18,"column":22}},"loc":{"start":{"line":18,"column":41},"end":{"line":33,"column":1}},"line":18},"2":{"name":"(anonymous_2)","decl":{"start":{"line":36,"column":24},"end":{"line":36,"column":25}},"loc":{"start":{"line":36,"column":44},"end":{"line":51,"column":1}},"line":36},"3":{"name":"(anonymous_3)","decl":{"start":{"line":54,"column":27},"end":{"line":54,"column":28}},"loc":{"start":{"line":54,"column":47},"end":{"line":62,"column":1}},"line":54}},"branchMap":{"0":{"loc":{"start":{"line":25,"column":16},"end":{"line":25,"column":34}},"type":"binary-expr","locations":[{"start":{"line":25,"column":16},"end":{"line":25,"column":24}},{"start":{"line":25,"column":28},"end":{"line":25,"column":34}}],"line":25},"1":{"loc":{"start":{"line":40,"column":4},"end":{"line":40,"column":80}},"type":"if","locations":[{"start":{"line":40,"column":4},"end":{"line":40,"column":80}},{"start":{},"end":{}}],"line":40},"2":{"loc":{"start":{"line":42,"column":4},"end":{"line":42,"column":38}},"type":"if","locations":[{"start":{"line":42,"column":4},"end":{"line":42,"column":38}},{"start":{},"end":{}}],"line":42},"3":{"loc":{"start":{"line":43,"column":4},"end":{"line":43,"column":44}},"type":"if","locations":[{"start":{"line":43,"column":4},"end":{"line":43,"column":44}},{"start":{},"end":{}}],"line":43}},"s":{"0":1,"1":1,"2":2,"3":2,"4":1,"5":1,"6":1,"7":1,"8":2,"9":2,"10":2,"11":1,"12":1,"13":1,"14":1,"15":3,"16":3,"17":3,"18":2,"19":1,"20":1,"21":1,"22":1,"23":0,"24":1,"25":1,"26":1,"27":1,"28":1,"29":2,"30":2,"31":1,"32":1,"33":1},"f":{"0":2,"1":2,"2":3,"3":2},"b":{"0":[2,2],"1":[1,1],"2":[1,0],"3":[0,1]},"inputSourceMap":null,"_coverageSchema":"1a1c01bbd47fc00a2c39e90264f33305004495a9","hash":"4e99595a0e543c11282ef3d7b8c00052929bcaea"}
,"C:\\Users\\ACER\\arfida belajar IT\\IP_P2\\IP-HCK88\\server\\routes\\videoRoutes.js": {"path":"C:\\Users\\ACER\\arfida belajar IT\\IP_P2\\IP-HCK88\\server\\routes\\videoRoutes.js","statementMap":{"0":{"start":{"line":4,"column":15},"end":{"line":4,"column":31}},"1":{"start":{"line":5,"column":15},"end":{"line":5,"column":54}},"2":{"start":{"line":6,"column":15},"end":{"line":6,"column":42}},"3":{"start":{"line":8,"column":0},"end":{"line":32,"column":3}},"4":{"start":{"line":9,"column":23},"end":{"line":9,"column":31}},"5":{"start":{"line":10,"column":2},"end":{"line":31,"column":3}},"6":{"start":{"line":11,"column":21},"end":{"line":19,"column":6}},"7":{"start":{"line":21,"column":19},"end":{"line":25,"column":7}},"8":{"start":{"line":21,"column":42},"end":{"line":25,"column":5}},"9":{"start":{"line":27,"column":4},"end":{"line":27,"column":25}},"10":{"start":{"line":29,"column":4},"end":{"line":29,"column":23}},"11":{"start":{"line":30,"column":4},"end":{"line":30,"column":71}},"12":{"start":{"line":34,"column":0},"end":{"line":66,"column":3}},"13":{"start":{"line":35,"column":24},"end":{"line":35,"column":33}},"14":{"start":{"line":36,"column":2},"end":{"line":65,"column":3}},"15":{"start":{"line":37,"column":21},"end":{"line":48,"column":6}},"16":{"start":{"line":50,"column":19},"end":{"line":56,"column":9}},"17":{"start":{"line":51,"column":21},"end":{"line":51,"column":70}},"18":{"start":{"line":52,"column":19},"end":{"line":56,"column":7}},"19":{"start":{"line":58,"column":4},"end":{"line":61,"column":7}},"20":{"start":{"line":63,"column":4},"end":{"line":63,"column":75}},"21":{"start":{"line":64,"column":4},"end":{"line":64,"column":70}}},"fnMap":{"0":{"name":"(anonymous_0)","decl":{"start":{"line":8,"column":26},"end":{"line":8,"column":27}},"loc":{"start":{"line":8,"column":46},"end":{"line":32,"column":1}},"line":8},"1":{"name":"(anonymous_1)","decl":{"start":{"line":21,"column":34},"end":{"line":21,"column":35}},"loc":{"start":{"line":21,"column":42},"end":{"line":25,"column":5}},"line":21},"2":{"name":"(anonymous_2)","decl":{"start":{"line":34,"column":24},"end":{"line":34,"column":25}},"loc":{"start":{"line":34,"column":44},"end":{"line":66,"column":1}},"line":34},"3":{"name":"(anonymous_3)","decl":{"start":{"line":51,"column":14},"end":{"line":51,"column":15}},"loc":{"start":{"line":51,"column":21},"end":{"line":51,"column":70}},"line":51},"4":{"name":"(anonymous_4)","decl":{"start":{"line":52,"column":11},"end":{"line":52,"column":12}},"loc":{"start":{"line":52,"column":19},"end":{"line":56,"column":7}},"line":52}},"branchMap":{"0":{"loc":{"start":{"line":46,"column":19},"end":{"line":46,"column":34}},"type":"binary-expr","locations":[{"start":{"line":46,"column":19},"end":{"line":46,"column":28}},{"start":{"line":46,"column":32},"end":{"line":46,"column":34}}],"line":46}},"s":{"0":1,"1":1,"2":1,"3":1,"4":2,"5":2,"6":2,"7":1,"8":1,"9":1,"10":1,"11":1,"12":1,"13":1,"14":1,"15":1,"16":1,"17":1,"18":1,"19":1,"20":0,"21":0},"f":{"0":2,"1":1,"2":1,"3":1,"4":1},"b":{"0":[1,1]},"inputSourceMap":null,"_coverageSchema":"1a1c01bbd47fc00a2c39e90264f33305004495a9","hash":"93c512070d423cf275a85617365d0dadc9d75148"}
}
