TN:
SF:config\passport.js
FN:15,(anonymous_0)
FN:31,(anonymous_1)
FN:35,(anonymous_2)
FNF:3
FNH:3
FNDA:2,(anonymous_0)
FNDA:1,(anonymous_1)
FNDA:1,(anonymous_2)
DA:6,1
DA:8,1
DA:16,2
DA:17,2
DA:24,1
DA:26,1
DA:31,1
DA:32,1
DA:35,1
DA:36,1
DA:37,1
DA:38,1
DA:40,0
LF:13
LH:12
BRF:0
BRH:0
end_of_record
TN:
SF:models\index.js
FNF:0
FNH:0
DA:4,6
DA:10,6
DA:11,2
DA:12,2
DA:17,4
DA:18,4
DA:19,4
DA:37,0
LF:8
LH:7
BRDA:5,0,0,2
BRDA:5,0,1,4
BRDA:10,1,0,2
BRDA:10,1,1,4
BRDA:17,2,0,4
BRDA:17,2,1,0
BRF:6
BRH:5
end_of_record
TN:
SF:routes\aiRoutes.js
FN:10,(anonymous_0)
FNF:1
FNH:1
FNDA:2,(anonymous_0)
DA:4,1
DA:6,1
DA:10,1
DA:11,2
DA:12,2
DA:14,2
DA:21,2
DA:34,2
DA:37,2
DA:42,2
DA:43,2
DA:45,0
DA:46,0
LF:13
LH:11
BRDA:37,0,0,2
BRDA:37,0,1,0
BRDA:37,0,2,0
BRDA:37,0,3,0
BRF:4
BRH:1
end_of_record
TN:
SF:routes\listRoutes.js
FN:7,(anonymous_0)
FN:18,(anonymous_1)
FN:36,(anonymous_2)
FN:54,(anonymous_3)
FNF:4
FNH:4
FNDA:2,(anonymous_0)
FNDA:2,(anonymous_1)
FNDA:3,(anonymous_2)
FNDA:2,(anonymous_3)
DA:4,1
DA:7,1
DA:8,2
DA:9,2
DA:10,1
DA:12,1
DA:13,1
DA:18,1
DA:19,2
DA:20,2
DA:21,2
DA:28,1
DA:30,1
DA:31,1
DA:36,1
DA:37,3
DA:38,3
DA:39,3
DA:40,2
DA:42,1
DA:43,1
DA:45,1
DA:46,1
DA:48,1
DA:49,1
DA:54,1
DA:55,2
DA:56,2
DA:57,1
DA:59,1
DA:60,1
LF:31
LH:31
BRDA:25,0,0,2
BRDA:25,0,1,2
BRDA:40,1,0,1
BRDA:40,1,1,1
BRDA:42,2,0,1
BRDA:42,2,1,0
BRDA:43,3,0,0
BRDA:43,3,1,1
BRF:8
BRH:6
end_of_record
TN:
SF:routes\videoRoutes.js
FN:8,(anonymous_0)
FN:21,(anonymous_1)
FN:34,(anonymous_2)
FN:51,(anonymous_3)
FN:52,(anonymous_4)
FNF:5
FNH:5
FNDA:2,(anonymous_0)
FNDA:1,(anonymous_1)
FNDA:1,(anonymous_2)
FNDA:1,(anonymous_3)
FNDA:1,(anonymous_4)
DA:4,1
DA:5,1
DA:6,1
DA:8,1
DA:9,2
DA:10,2
DA:11,2
DA:21,1
DA:27,1
DA:29,1
DA:30,1
DA:34,1
DA:35,1
DA:36,1
DA:37,1
DA:50,1
DA:51,1
DA:52,1
DA:58,1
DA:63,0
DA:64,0
LF:21
LH:19
BRDA:46,0,0,1
BRDA:46,0,1,1
BRF:2
BRH:2
end_of_record
